[DEBUG 2018-08-31 22:11:43]cookies: {'PPY_AFFSESSID1': 's%3AYC2YCWP7JzDtDheX3QBkhlPA.vCFjK9XxSVlq5ZmAZEJyGW15bLG47i31aKG%2FSwBuORE'}
[INFO 2019-05-07 16:23:13]初始化配置文件, path=/Users/wangjuan/workpace/API_Automation/Conf/config.ini
[INFO 2019-05-07 16:23:13]执行用例集为：--allure_features=Home,Personal
[INFO 2019-05-07 16:24:01]初始化配置文件, path=/Users/wangjuan/workpace/API_Automation/Conf/config.ini
[INFO 2019-05-07 16:24:01]执行用例集为：--allure_features=Home,Personal
[INFO 2019-05-07 16:24:19]初始化配置文件, path=/Users/wangjuan/workpace/API_Automation/Conf/config.ini
[INFO 2019-05-07 16:24:19]执行用例集为：--allure_features=Home,Personal
[INFO 2019-05-07 16:25:42]初始化配置文件, path=/Users/wangjuan/workpace/API_Automation/Conf/config.ini
[INFO 2019-05-07 16:25:42]执行用例集为：--allure_features=Home,Personal
[INFO 2019-05-07 16:26:28]初始化配置文件, path=/Users/wangjuan/workpace/API_Automation/Conf/config.ini
[INFO 2019-05-07 16:26:28]执行用例集为：--allure_features=Home,Personal
[INFO 2019-05-07 16:27:08]初始化配置文件, path=/Users/wangjuan/workpace/API_Automation/Conf/config.ini
[INFO 2019-05-07 16:27:08]执行用例集为：--allure_features=Home,Personal
[INFO 2019-05-07 16:27:09]解析yaml, Path:/Users/wangjuan/workpace/API_Automation/Params/Yaml/Basic.yaml
[INFO 2019-05-07 16:27:09]解析yaml, Path:/Users/wangjuan/workpace/API_Automation/Params/Yaml/Collections.yaml
[INFO 2019-05-07 16:27:09]解析yaml, Path:/Users/wangjuan/workpace/API_Automation/Params/Yaml/Personal.yaml
[INFO 2019-05-07 16:27:09]解析yaml, Path:/Users/wangjuan/workpace/API_Automation/Params/Yaml/Login.yaml
[INFO 2019-05-07 16:27:09]解析yaml, Path:/Users/wangjuan/workpace/API_Automation/Params/Yaml/Basic.yaml
[INFO 2019-05-07 16:27:09]解析yaml, Path:/Users/wangjuan/workpace/API_Automation/Params/Yaml/Collections.yaml
[INFO 2019-05-07 16:27:09]解析yaml, Path:/Users/wangjuan/workpace/API_Automation/Params/Yaml/Personal.yaml
[INFO 2019-05-07 16:27:09]解析yaml, Path:/Users/wangjuan/workpace/API_Automation/Params/Yaml/Login.yaml
[INFO 2019-05-07 16:27:09]解析yaml, Path:/Users/wangjuan/workpace/API_Automation/Params/Yaml/Basic.yaml
[INFO 2019-05-07 16:27:09]解析yaml, Path:/Users/wangjuan/workpace/API_Automation/Params/Yaml/Collections.yaml
[INFO 2019-05-07 16:27:09]解析yaml, Path:/Users/wangjuan/workpace/API_Automation/Params/Yaml/Personal.yaml
[INFO 2019-05-07 16:27:09]解析yaml, Path:/Users/wangjuan/workpace/API_Automation/Params/Yaml/Login.yaml
[ERROR 2019-05-07 16:27:15]邮件发送失败，请检查邮件配置
[INFO 2019-05-07 16:28:14]初始化配置文件, path=/Users/wangjuan/workpace/API_Automation/Conf/config.ini
[INFO 2019-05-07 16:28:14]执行用例集为：--allure_features=Home,Personal
[INFO 2019-05-07 16:28:15]解析yaml, Path:/Users/wangjuan/workpace/API_Automation/Params/Yaml/Basic.yaml
[INFO 2019-05-07 16:28:15]解析yaml, Path:/Users/wangjuan/workpace/API_Automation/Params/Yaml/Collections.yaml
[INFO 2019-05-07 16:28:15]解析yaml, Path:/Users/wangjuan/workpace/API_Automation/Params/Yaml/Personal.yaml
[INFO 2019-05-07 16:28:15]解析yaml, Path:/Users/wangjuan/workpace/API_Automation/Params/Yaml/Login.yaml
[INFO 2019-05-07 16:28:16]解析yaml, Path:/Users/wangjuan/workpace/API_Automation/Params/Yaml/Basic.yaml
[INFO 2019-05-07 16:28:16]解析yaml, Path:/Users/wangjuan/workpace/API_Automation/Params/Yaml/Collections.yaml
[INFO 2019-05-07 16:28:16]解析yaml, Path:/Users/wangjuan/workpace/API_Automation/Params/Yaml/Personal.yaml
[INFO 2019-05-07 16:28:16]解析yaml, Path:/Users/wangjuan/workpace/API_Automation/Params/Yaml/Login.yaml
[INFO 2019-05-07 16:28:16]解析yaml, Path:/Users/wangjuan/workpace/API_Automation/Params/Yaml/Basic.yaml
[INFO 2019-05-07 16:28:16]解析yaml, Path:/Users/wangjuan/workpace/API_Automation/Params/Yaml/Collections.yaml
[INFO 2019-05-07 16:28:16]解析yaml, Path:/Users/wangjuan/workpace/API_Automation/Params/Yaml/Personal.yaml
[INFO 2019-05-07 16:28:16]解析yaml, Path:/Users/wangjuan/workpace/API_Automation/Params/Yaml/Login.yaml
[ERROR 2019-05-07 16:28:20]邮件发送失败，请检查邮件配置
[INFO 2019-05-07 16:30:37]初始化配置文件, path=/Users/wangjuan/workpace/API_Automation/Conf/config.ini
[INFO 2019-05-07 16:30:37]执行用例集为：--allure_features=Home,Personal
[INFO 2019-05-07 16:30:39]解析yaml, Path:/Users/wangjuan/workpace/API_Automation/Params/Yaml/Basic.yaml
[INFO 2019-05-07 16:30:39]解析yaml, Path:/Users/wangjuan/workpace/API_Automation/Params/Yaml/Collections.yaml
[INFO 2019-05-07 16:30:39]解析yaml, Path:/Users/wangjuan/workpace/API_Automation/Params/Yaml/Personal.yaml
[ERROR 2019-05-07 16:30:44]邮件发送失败，请检查邮件配置
[INFO 2019-05-07 16:31:07]初始化配置文件, path=/Users/wangjuan/workpace/API_Automation/Conf/config.ini
[INFO 2019-05-07 16:31:07]执行用例集为：--allure_features=Home,Personal
[INFO 2019-05-07 16:31:35]初始化配置文件, path=/Users/wangjuan/workpace/API_Automation/Conf/config.ini
[INFO 2019-05-07 16:31:35]执行用例集为：--allure_features=Home,Personal
[INFO 2019-05-07 17:04:49]初始化配置文件, path=/Users/wangjuan/workpace/API_Automation/Conf/config.ini
[INFO 2019-05-07 17:04:49]执行用例集为：--allure_features=Home,Personal
[INFO 2019-05-07 17:04:50]解析yaml, Path:/Users/wangjuan/workpace/API_Automation/Params/Yaml/Basic.yaml
[INFO 2019-05-07 17:04:50]解析yaml, Path:/Users/wangjuan/workpace/API_Automation/Params/Yaml/Collections.yaml
[INFO 2019-05-07 17:04:50]解析yaml, Path:/Users/wangjuan/workpace/API_Automation/Params/Yaml/Personal.yaml
[ERROR 2019-05-07 17:04:57]邮件发送失败，请检查邮件配置
[INFO 2019-06-03 16:33:16]初始化配置文件, path=/Users/wangjuan/workpace/API_Automation/Conf/config.ini
[INFO 2019-06-03 16:33:16]执行用例集为：--allure_features=Home,Personal
[INFO 2019-06-03 16:33:20]解析yaml, Path:/Users/wangjuan/workpace/API_Automation/Params/Yaml/Basic.yaml
[ERROR 2019-06-03 16:33:25]邮件发送失败，请检查邮件配置
[INFO 2019-07-08 17:27:58]初始化配置文件, path=/Users/wangjuan/workpace/API_Automation/Conf/config.ini
[INFO 2019-07-08 17:29:05]初始化配置文件, path=/Users/wangjuan/workpace/API_Automation/Conf/config.ini
[INFO 2019-07-08 17:30:02]初始化配置文件, path=/Users/wangjuan/workpace/API_Automation/Conf/config.ini
[INFO 2019-07-08 17:30:29]初始化配置文件, path=/Users/wangjuan/workpace/API_Automation/Conf/config.ini
[INFO 2019-07-08 17:30:57]初始化配置文件, path=/Users/wangjuan/workpace/API_Automation/Conf/config.ini
[ERROR 2019-07-08 17:31:01]邮件发送失败，请检查邮件配置
[INFO 2019-07-08 17:32:01]初始化配置文件, path=/Users/wangjuan/workpace/API_Automation/Conf/config.ini
[INFO 2019-07-08 17:33:01]初始化配置文件, path=/Users/wangjuan/workpace/API_Automation/Conf/config.ini
[INFO 2019-07-08 17:33:12]初始化配置文件, path=/Users/wangjuan/workpace/API_Automation/Conf/config.ini
[INFO 2019-07-08 17:35:06]初始化配置文件, path=/Users/wangjuan/workpace/API_Automation/Conf/config.ini
[INFO 2020-05-28 17:32:05]初始化配置文件, path=F:\API_Automation-master\Conf\config.ini
[ERROR 2020-05-28 17:32:06]邮件发送失败，请检查邮件配置
[INFO 2020-05-28 18:56:25]解析yaml, Path:F:\API_Automation-master/Params/Param/Basic.yaml
[INFO 2020-06-21 16:56:31]初始化配置文件, path=F:\API_Automation-master\Conf\config.ini
[INFO 2020-06-21 16:56:33]解析yaml, Path:F:\API_Automation-master/Params/Param/Basic.yaml
[INFO 2020-06-21 16:56:33]解析yaml, Path:F:\API_Automation-master/Params/Param/Basic.yaml
[INFO 2020-06-21 16:56:33]解析yaml, Path:F:\API_Automation-master/Params/Param/Basic.yaml
[ERROR 2020-06-21 16:56:36]邮件发送失败，请检查邮件配置
[INFO 2020-06-21 16:57:53]解析yaml, Path:F:\API_Automation-master/Params/Param/Basic.yaml
[INFO 2020-06-21 16:58:32]初始化配置文件, path=F:\API_Automation-master\Conf\config.ini
[INFO 2020-06-21 16:58:33]解析yaml, Path:F:\API_Automation-master/Params/Param/Basic.yaml
[INFO 2020-06-21 16:58:33]解析yaml, Path:F:\API_Automation-master/Params/Param/Basic.yaml
[INFO 2020-06-21 16:58:33]解析yaml, Path:F:\API_Automation-master/Params/Param/Basic.yaml
[ERROR 2020-06-21 16:58:34]邮件发送失败，请检查邮件配置
[ERROR 2020-06-21 17:02:24]邮件发送失败，请检查邮件配置
[ERROR 2020-06-21 17:07:12]邮件发送失败，请检查邮件配置
[ERROR 2020-06-21 17:09:37]邮件发送失败，请检查邮件配置
[DEBUG 2020-06-30 10:03:39]This is debug message
[INFO 2020-06-30 10:03:39]This is info message
[WARNING 2020-06-30 10:03:39]This is warning message
[ERROR 2020-06-30 10:03:39]This is error
[CRITICAL 2020-06-30 10:03:39]This is critical message
[INFO 2020-07-05 11:55:37]解析yaml, Path:F:\API_Automation-master/Params/Param/Basic.yaml
[INFO 2020-07-05 11:56:26]解析yaml, Path:F:\API_Automation-master/Params/Param/Basic.yaml
[INFO 2020-07-05 11:57:59]解析yaml, Path:F:\API_Automation-master/Params/Param/Basic.yaml
[INFO 2020-07-05 11:58:25]解析yaml, Path:F:\API_Automation-master/Params/Param/Basic.yaml
[INFO 2020-07-05 12:01:04]解析yaml, Path:F:\API_Automation-master/Params/Param/Basic.yaml
[INFO 2020-07-05 12:02:11]解析yaml, Path:F:\API_Automation-master/Params/Param/Basic.yaml
[INFO 2020-07-05 12:03:07]解析yaml, Path:F:\API_Automation-master/Params/Param/Basic.yaml
[INFO 2020-07-05 12:03:48]解析yaml, Path:F:\API_Automation-master/Params/Param/Basic.yaml
[INFO 2020-07-05 12:07:09]解析yaml, Path:F:\API_Automation-master/Params/Param/Basic.yaml
[INFO 2020-07-05 12:08:37]解析yaml, Path:F:\API_Automation-master/Params/Param/Basic.yaml
[INFO 2020-07-05 12:10:18]解析yaml, Path:F:\API_Automation-master/Params/Param/Basic.yaml
[INFO 2020-07-05 12:11:29]解析yaml, Path:F:\API_Automation-master/Params/Param/Basic.yaml
[INFO 2020-07-05 12:12:22]解析yaml, Path:F:\API_Automation-master/Params/Param/Basic.yaml
[INFO 2020-07-05 12:13:49]解析yaml, Path:F:\API_Automation-master/Params/Param/Basic.yaml
[INFO 2020-07-05 12:14:46]解析yaml, Path:F:\API_Automation-master/Params/Param/Basic.yaml
[INFO 2020-07-05 12:20:27]解析yaml, Path:F:\API_Automation-master/Params/Param/Basic.yaml
[INFO 2020-07-05 12:21:18]解析yaml, Path:F:\API_Automation-master/Params/Param/Basic.yaml
[INFO 2020-07-05 12:24:47]解析yaml, Path:F:\API_Automation-master/Params/Param/Basic.yaml
[INFO 2020-07-05 12:26:38]解析yaml, Path:F:\API_Automation-master/Params/Param/Basic.yaml
[INFO 2020-07-05 12:30:12]解析yaml, Path:F:\API_Automation-master/Params/Param/Basic.yaml
[INFO 2020-07-05 12:31:30]解析yaml, Path:F:\API_Automation-master/Params/Param/Basic.yaml
[INFO 2020-07-05 12:31:49]解析yaml, Path:F:\API_Automation-master/Params/Param/Basic.yaml
[INFO 2020-07-05 14:03:39]解析yaml, Path:F:\API_Automation-master/Params/Param/Basic.yaml
[INFO 2020-07-05 14:12:56]解析yaml, Path:F:\API_Automation-master/Params/Param/Basic.yaml
[INFO 2020-07-05 14:15:53]解析yaml, Path:F:\API_Automation-master/Params/Param/Basic.yaml
[INFO 2020-07-05 14:16:15]解析yaml, Path:F:\API_Automation-master/Params/Param/Basic.yaml
[INFO 2020-07-05 14:18:59]解析yaml, Path:F:\API_Automation-master/Params/Param/Basic.yaml
[INFO 2020-07-05 14:20:44]解析yaml, Path:F:\API_Automation-master/Params/Param/Basic.yaml
[INFO 2020-07-05 14:28:52]解析yaml, Path:F:\API_Automation-master/Params/Param/Basic.yaml
[INFO 2020-07-05 14:29:15]解析yaml, Path:F:\API_Automation-master/Params/Param/Basic.yaml
[INFO 2020-07-05 14:29:53]解析yaml, Path:F:\API_Automation-master/Params/Param/Basic.yaml
[INFO 2020-07-05 14:39:35]解析yaml, Path:F:\API_Automation-master/Params/Param/Basic.yaml
[INFO 2020-07-05 14:42:54]解析yaml, Path:F:\API_Automation-master/Params/Param/Basic.yaml
[INFO 2020-07-05 14:45:04]解析yaml, Path:F:\API_Automation-master/Params/Param/Basic.yaml
[INFO 2020-07-05 14:49:09]解析yaml, Path:F:\API_Automation-master/Params/Param/Basic.yaml
[INFO 2020-07-05 14:49:17]解析yaml, Path:F:\API_Automation-master/Params/Param/Basic.yaml
[INFO 2020-07-05 14:51:46]解析yaml, Path:F:\API_Automation-master/Params/Param/Basic.yaml
[INFO 2020-07-05 14:51:58]解析yaml, Path:F:\API_Automation-master/Params/Param/Basic.yaml
[INFO 2020-07-05 15:00:52]解析yaml, Path:F:\API_Automation-master/Params/Param/Basic.yaml
[INFO 2020-07-05 15:01:33]解析yaml, Path:F:\API_Automation-master/Params/Param/Basic.yaml
[INFO 2020-07-05 15:11:14]解析yaml, Path:F:\API_Automation-master/Params/Param/Basic.yaml
[INFO 2020-07-05 15:11:57]解析yaml, Path:F:\API_Automation-master/Params/Param/Basic.yaml
[INFO 2020-07-05 15:12:45]解析yaml, Path:F:\API_Automation-master/Params/Param/Basic.yaml
[INFO 2020-07-05 15:13:03]解析yaml, Path:F:\API_Automation-master/Params/Param/Basic.yaml
[INFO 2020-07-05 15:14:15]解析yaml, Path:F:\API_Automation-master/Params/Param/Basic.yaml
[INFO 2020-07-05 19:15:18]解析yaml, Path:F:\API_Automation-master/Params/Param/Basic.yaml
[INFO 2020-07-05 19:17:25]解析yaml, Path:F:\API_Automation-master/Params/Param/Basic.yaml
[INFO 2020-07-05 19:19:01]解析yaml, Path:F:\API_Automation-master/Params/Param/Basic.yaml
[INFO 2020-07-05 19:21:27]解析yaml, Path:F:\API_Automation-master/Params/Param/Basic.yaml
[INFO 2020-07-05 19:22:18]解析yaml, Path:F:\API_Automation-master/Params/Param/Basic.yaml
[INFO 2020-07-05 19:23:18]解析yaml, Path:F:\API_Automation-master/Params/Param/Basic.yaml
[INFO 2020-07-05 19:23:57]解析yaml, Path:F:\API_Automation-master/Params/Param/Basic.yaml
[INFO 2020-07-06 10:41:56]解析yaml, Path:F:\API_Automation-master/Params/Param/Basic.yaml
[INFO 2020-07-06 10:42:23]解析yaml, Path:F:\API_Automation-master/Params/Param/Basic.yaml
[INFO 2020-07-06 10:42:43]解析yaml, Path:F:\API_Automation-master/Params/Param/Basic.yaml
[INFO 2020-07-06 10:43:48]解析yaml, Path:F:\API_Automation-master/Params/Param/Basic.yaml
[INFO 2020-07-06 10:49:44]解析yaml, Path:F:\API_Automation-master/Params/Param/Basic.yaml
[INFO 2020-07-06 10:50:04]解析yaml, Path:F:\API_Automation-master/Params/Param/Basic.yaml
[INFO 2020-07-06 10:54:40]解析yaml, Path:F:\API_Automation-master/Params/Param/Basic.yaml
[INFO 2020-07-06 10:54:56]解析yaml, Path:F:\API_Automation-master/Params/Param/Basic.yaml
[INFO 2020-07-06 18:18:40]解析yaml, Path:F:\API_Automation-master/Params/Param/Basic.yaml
[INFO 2020-07-06 18:19:09]解析yaml, Path:F:\API_Automation-master/Params/Param/Basic.yaml
[INFO 2020-07-06 18:23:53]解析yaml, Path:F:\API_Automation-master/Params/Param/Basic.yaml
[INFO 2020-07-06 18:24:54]解析yaml, Path:F:\API_Automation-master/Params/Param/Basic.yaml
[INFO 2020-07-06 18:25:39]解析yaml, Path:F:\API_Automation-master/Params/Param/Basic.yaml
[INFO 2020-07-06 18:31:40]解析yaml, Path:F:\API_Automation-master/Params/Param/Basic.yaml
[INFO 2020-07-06 18:32:40]解析yaml, Path:F:\API_Automation-master/Params/Param/Basic.yaml
[INFO 2020-07-06 18:32:55]解析yaml, Path:F:\API_Automation-master/Params/Param/Basic.yaml
[INFO 2020-07-06 18:32:55]解析yaml, Path:F:\API_Automation-master/Params/Param/Collections.yaml
[INFO 2020-07-06 18:32:55]解析yaml, Path:F:\API_Automation-master/Params/Param/Personal.yaml
[INFO 2020-07-06 18:33:23]解析yaml, Path:F:\API_Automation-master/Params/Param/Basic.yaml
[INFO 2020-07-06 18:33:23]解析yaml, Path:F:\API_Automation-master/Params/Param/Collections.yaml
[INFO 2020-07-06 18:33:23]解析yaml, Path:F:\API_Automation-master/Params/Param/Personal.yaml
[INFO 2020-07-06 18:35:09]解析yaml, Path:F:\API_Automation-master/Params/Param/Basic.yaml
[INFO 2020-07-06 18:35:09]解析yaml, Path:F:\API_Automation-master/Params/Param/Collections.yaml
[INFO 2020-07-06 18:35:09]解析yaml, Path:F:\API_Automation-master/Params/Param/Personal.yaml
[INFO 2020-07-06 18:35:34]解析yaml, Path:F:\API_Automation-master/Params/Param/Basic.yaml
[INFO 2020-07-06 18:35:34]解析yaml, Path:F:\API_Automation-master/Params/Param/Collections.yaml
[INFO 2020-07-06 18:35:34]解析yaml, Path:F:\API_Automation-master/Params/Param/Personal.yaml
[INFO 2020-08-01 09:47:44]解析yaml, Path:F:\API_Automation-master/Params/Param/Basic.yaml
[INFO 2020-08-01 09:47:44]解析yaml, Path:F:\API_Automation-master/Params/Param/Collections.yaml
[INFO 2020-08-01 09:47:44]解析yaml, Path:F:\API_Automation-master/Params/Param/Personal.yaml
